[2026-06-04 12:55:41] ========================================
[2026-06-04 12:55:41]   PraveenTechWorld Orchestrator v1.0
[2026-06-04 12:55:41] ========================================
[2026-06-04 12:55:41]   Daily quota: 5 articles
[2026-06-04 12:55:41]   Cycle interval: 60 min
[2026-06-04 12:55:41] ========================================
[2026-06-04 12:55:41] Resuming: 1/5 published today
[2026-06-04 12:55:41] === Orchestrator Cycle Start ===
[2026-06-04 12:55:41] Phase 2: SEO Analysis
[2026-06-04 12:55:41] [SEO Analysis] Starting...
[2026-06-04 12:55:41]   Scoring: How to Fix Windows 11 Update Errors in 2026: Complete Troubl...
[2026-06-04 12:55:59]   Scoring: Top 10 Windows Performance Tweaks to Speed Up Your Slow PC i...
[2026-06-04 12:56:20]   Scoring: Android Battery Draining Fast After Update? 7 Proven Fixes...
[2026-06-04 12:56:35]   Scoring: Android Phone Not Charging? Complete Troubleshooting Guide 2...
[2026-06-04 12:56:53]   Scoring: How to Automate Your Daily Workflow with Free Tools in 2026...
[2026-06-04 12:57:12]   Scoring: Best Free Automation Tools for Small Business Owners in 2026...
[2026-06-04 12:57:29] [SEO Analysis] 6 topics scored, saved to competitive\seo-2026-06-04T12-57-29.json
[2026-06-04 12:57:29] Phase 3: Boss/CEO Approval
[2026-06-04 12:57:29] [Boss/CEO Agent] Starting review...
[2026-06-04 12:57:29]   Approved: 2 topics
[2026-06-04 12:57:29]   Report written: C:\Users\bunny\Downloads\00Resume\Building_Tech_Website\research\reports\report.md
[2026-06-04 12:57:29] [Boss/CEO] Report written.
[2026-06-04 12:57:29] Phase 4: Article Generation
[2026-06-04 12:57:29]   Generating article: How to Fix Windows 11 Update Errors in 2026: Complete Troubl...

=== Generating: How to Fix Windows 11 Update Errors in 2026: Step-by-Step Troubleshooting Guide ===

  Saved: src/content/articles/how-to-fix-windows-11-update-errors-in-2026-step-by-step-troubleshooting-guide.mdx
[2026-06-04 12:58:09] Phase 5: Publish
[2026-06-04 12:58:13]   Published: how-to-fix-windows-11-update-errors-in-2026-step-by-step-troubleshooting-guide.mdx at 2026-06-04T11:00:00 +0000
[2026-06-04 12:58:13] === Cycle done (151174ms). Published: 2/5 ===
[2026-06-04 12:58:13] Orchestrator running. Press [2026-06-04 13:0[2026-06-04 13:03:13] [Heartbeat] RSS: 1[2026-06-04 13:06[2026-06-04 13:08:13] [Heartbeat] RSS:[2026-06-04 13:11:[2026-06-04 13:13:13] [Heartbeat] RSS[2026-06-04 13:16:0[2026-06-04 13:18:13] [Heartbeat] RS[2026-06-04 13:21:07[2026-06-04 13:23:13] [Heartbeat] R[2026-06-04 13:26:07][2026-06-04 13:28:13] [Heartbeat] [2026-06-04 13:31:07] [2026-06-04 13:33:13] [Heartbeat][2026-06-04 13:36:07] [[2026-06-04 13:38:13] [Heartbeat[2026-06-04 13:41:07] [H[2026-06-04 13:43:13] [Heartbea[2026-06-04 13:46:07] [He[2026-06-04 13:48:13] [Heartbe[2026-06-04 13:51:07] [Hea[2026-06-04 13:53:13] [Heartb[2026-06-04 13:56:07] === O[2026-06-04 13:58:13] === Orchestrator Cycle Start ===
[2026-06-04 13:58:13] Phase 2: SEO Analysis
[2026-06-04 13:58:13] [SEO Analysis] Starting...
[2026-06-04 13:58:13]   Scoring: How to Fix Windows 11 Update Errors in 2026: Complete Troubl...
[2026-06-04 13:58:13] [Heartbeat] RSS: 19MB | Heap: 10MB
[2026-06-04 13:58:36]   Scoring: Top 10 Windows Performance Tweaks to Speed Up Your Slow PC i...
[2026-06-04 13:58:54]   Scoring: Android Battery Draining Fast After Update? 7 Proven Fixes...
[2026-06-04 13:59:16]   Scoring: Android Phone Not Charging? Complete Troubleshooting Guide 2...
[2026-06-04 13:59:34]   Scoring: How to Automate Your Daily Workflow with Free Tools in 2026...
[2026-06-04 13:59:52]   Scoring: Best Free Automation Tools for Small Business Owners in 2026...
[2026-06-04 14:00:08] [SEO Analysis] 6 topics scored, saved to competitive\seo-2026-06-04T14-00-08.json
[2026-06-04 14:00:08] Phase 3: Boss/CEO Approval
[2026-06-04 14:00:08] [Boss/CEO Agent] Starting review...
[2026-06-04 14:00:08]   Approved: 2 topics
[2026-06-04 14:00:08]   Report written: C:\Users\bunny\Downloads\00Resume\Building_Tech_Website\research\reports\report.md
[2026-06-04 14:00:08] [Boss/CEO] Report written.
[2026-06-04 14:00:08] Phase 4: Article Generation
[2026-06-04 14:00:08]   Generating article: Top 10 Windows Performance Tweaks to Speed Up Your Slow PC i...

=== Generating: Speed Up Your Slow PC in 2026: 10 Essential Windows Performance Tweaks ===

  Saved: src/content/articles/speed-up-your-slow-pc-in-2026-10-essential-windows-performance-tweaks.mdx
[2026-06-04 14:01:01] Phase 5: Publish
[2026-06-04 14:01:04]   Published: speed-up-your-slow-pc-in-2026-10-essential-windows-performance-tweaks.mdx at 2026-06-04T12:00:00 +0000
[2026-06-04 14:01:04] === Cycl[2026-06-04 14:01:07] [Heartbeat] RSS:[2026-06-04 14:03:1[2026-06-04 14:06:07] [Heartbeat] RSS:[2026-06-04 14:08:1[2026-06-04 14:11:07] [Heartbeat] RSS:[2026-06-04 14:13:1[2026-06-04 14:16:07] [Heartbeat] RSS:[2026-06-04 14:18:[2026-06-04 14:21:07] [Heartbeat] RSS:[2026-06-04 14:23:[2026-06-04 14:26:07] [Heartbeat] RSS:[2026-06-04 14:28:[2026-06-04 14:31:07] [Heartbeat] RSS:[2026-06-04 14:33:[2026-06-04 14:36:07] [Heartbeat] RSS:[2026-06-04 14:38:[2026-06-04 14:41:07] [Heartbeat] RSS:[2026-06-04 14:43:[2026-06-04 14:46:07] [Heartbeat] RSS:[2026-06-04 14:48:[2026-06-04 14:51:07] [Heartbeat] RSS:[2026-06-04 14:53:[2026-06-04 14:56:07] === Orchestrator[2026-06-04 14:58:13] === Orchestrator Cycle Start ===
[2026-06-04 14:58:13] Phase 2: SEO Analysis
[2026-06-04 14:58:13] [SEO Analysis] Starting...
[2026-06-04 14:58:13]   Scoring: How to Fix Windows 11 Update Errors in 2026: Complete Troubl...
[2026-06-04 14:58:13] [Heartbeat] RSS: 18MB | Heap: 11MB
[2026-06-04 14:58:31]   Scoring: Top 10 Windows Performance Tweaks to Speed Up Your Slow PC i...
[2026-06-04 14:58:48]   Scoring: Android Battery Draining Fast After Update? 7 Proven Fixes...
[2026-06-04 14:59:09]   Scoring: Android Phone Not Charging? Complete Troubleshooting Guide 2...
[2026-06-04 14:59:23]   Scoring: How to Automate Your Daily Workflow with Free Tools in 2026...
[2026-06-04 14:59:40]   Scoring: Best Free Automation Tools for Small Business Owners in 2026...
[2026-06-04 14:59:57] [SEO Analysis] 6 topics scored, saved to competitive\seo-2026-06-04T14-59-57.json
[2026-06-04 14:59:57] Phase 3: Boss/CEO Approval
[2026-06-04 14:59:57] [Boss/CEO Agent] Starting review...
[2026-06-04 14:59:57]   Approved: 2 topics
[2026-06-04 14:59:57]   Report written: C:\Users\bunny\Downloads\00Resume\Building_Tech_Website\research\reports\report.md
[2026-06-04 14:59:57] [Boss/CEO] Report written.
[2026-06-04 14:59:57] Phase 4: Article Generation
[2026-06-04 14:59:57]   Generating article: How to Fix Windows 11 Update Errors in 2026: Complete Troubl...

=== Generating: How to Fix Windows 11 Update Errors in 2026: Complete Troubleshooting Guide ===

  Saved: src/content/articles/how-to-fix-windows-11-update-errors-in-2026-complete-troubleshooting-guide.mdx
[2026-06-04 15:00:49] Phase 5: Publish
[2026-06-04 15:00:51]   Published: how-to-fix-windows-11-update-errors-in-2026-complete-troubleshooting-guide.mdx at 2026-06-04T13:00:00 +0000
[2026-06-04 15:00:51] === Cycle done [2026-06-04 15:01:07] [Heartbea[2026-06-04 15:03:13] [Hea[2026-06-04 15:06:07] [Heartbea[2026-06-04 15:08:13] [Hea[2026-06-04 15:11:07] [Heartbea[2026-06-04 15:13:13] [Hea[2026-06-04 15:16:07] [Heartbea[2026-06-04 15:18:13] [He[2026-06-04 15:21:07] [Heartbea[2026-06-04 15:23:13] [He[2026-06-04 15:26:07] [Heartbea[2026-06-04 15:28:13] [He[2026-06-04 15:31:07] [Heartbea[2026-06-04 15:33:13] [He[2026-06-04 15:36:07] [Heartbea[2026-06-04 15:38:13] [He[2026-06-04 15:41:07] [Heartbea[2026-06-04 15:43:13] [He[2026-06-04 15:46:07] [Heartbea[2026-06-04 15:48:13] [He[2026-06-04 15:51:07] [Heartbea[2026-06-04 15:53:13] [He[2026-06-04 15:56:07] === Orche[2026-06-04 15:58:13] === Orchestrator Cycle Start ===
[2026-06-04 15:58:13] Phase 2: SEO Analysis
[2026-06-04 15:58:13] [SEO Analysis] Starting...
[2026-06-04 15:58:13]   Scoring: How to Fix Windows 11 Update Errors in 2026: Complete Troubl...
[2026-06-04 15:58:13] [Heartbeat] RSS: 18MB | Heap: 12MB
[2026-06-04 15:58:37]   Scoring: Top 10 Windows Performance Tweaks to Speed Up Your Slow PC i...
[2026-06-04 15:58:54]   Scoring: Android Battery Draining Fast After Update? 7 Proven Fixes...
[2026-06-04 15:59:07]   Scoring: Android Phone Not Charging? Complete Troubleshooting Guide 2...
[2026-06-04 15:59:20]   Scoring: How to Automate Your Daily Workflow with Free Tools in 2026...
[2026-06-04 15:59:37]   Scoring: Best Free Automation Tools for Small Business Owners in 2026...
[2026-06-04 15:59:54] [SEO Analysis] 6 topics scored, saved to competitive\seo-2026-06-04T15-59-54.json
[2026-06-04 15:59:54] Phase 3: Boss/CEO Approval
[2026-06-04 15:59:54] [Boss/CEO Agent] Starting review...
[2026-06-04 15:59:54]   Approved: 2 topics
[2026-06-04 15:59:54]   Report written: C:\Users\bunny\Downloads\00Resume\Building_Tech_Website\research\reports\report.md
[2026-06-04 15:59:54] [Boss/CEO] Report written.
[2026-06-04 15:59:54] Phase 4: Article Generation
[2026-06-04 15:59:54]   Generating article: How to Automate Your Daily Workflow with Free Tools in 2026...

=== Generating: Automate Your Daily Workflow in 2026: Free Tools and Real Examples ===

  Saved: src/content/articles/automate-your-daily-workflow-in-2026-free-tools-and-real-examples.mdx
[2026-06-04 16:00:53] Phase 5: Publish
[2026-06-04 16:00:56]   Published: automate-your-daily-workflow-in-2026-free-tools-and-real-examples.mdx at 2026-06-04T14:00:00 +0000
[2026-06-04 16:00:56] === Cycle done (163525ms). Published: 5/5 =[20[2026-06-04 16:03:13] [Heartbeat] RSS: 27MB | Heap: 12[20[2026-06-04 16:08:13] [Heartbeat] RSS: 26MB | Heap: 12[20[2026-06-04 16:13:13] [Heartbeat] RSS: 15MB | Heap: 12[20[2026-06-04 16:18:13] [Heartbeat] RSS: 1MB | Heap: 12[20[2026-06-04 16:23:13] [Heartbeat] RSS: 2MB | Heap: 12[20[2026-06-04 16:28:13] [Heartbeat] RSS: 4MB | Heap: 12[20[2026-06-04 16:33:13] [Heartbeat] RSS: 4MB | Heap: 12[20[2026-06-04 16:38:13] [Heartbeat] RSS: 4MB | Heap: 12[20[2026-06-04 16:43:13] [Heartbeat] RSS: 6MB | Heap: 12[20[2026-06-04 17:00:38] [Heartbeat] RSS: 4MB | Heap: 13[2026-06-04 17:00:38] === Orchestrator Cycle Start ===
[2026-06-04 17:00:38] Daily quota (5) reached. Maintenance mode.
[2026-06-04 17:00:38] === Cycle done (quota hit, 40ms) ===
[2026-06-04 17:06:59] [Heartbeat] RSS: 4MB | Heap: 13MB
[2026-06-04 17:11:59] [Heartbeat] RSS: 2MB | Heap: 13MB
[20[2026-06-04 17:16:59] [Heartbeat] RSS: 4MB | Heap: 13[20[2026-06-04 17:21:59] [Heartbeat] RSS: 4MB | Heap: 13[20[2026-06-04 17:26:59] [Heartbeat] RSS: 7MB | Heap: 13[2026-06-04 17:32:00] [Heartbeat] RSS: 6MB | Heap: 13MB
[20[2026-06-04 17:37:00] [Heartbeat] RSS: 7MB | Heap: 13[20[2026-06-04 17:42:00] [Heartbeat] RSS: 4MB | Heap: 13[20[2026-06-04 17:47:00] [Heartbeat] RSS: 4MB | Heap: 13[2026-06-04 17:52:00] [Heartbeat] RSS: 4MB | Heap: 13MB
[20[2026-06-04 17:57:00] [Heartbeat] RSS: 4MB | Heap: 13[2026-06-04 18:00:19] === Orchestrator Cycle Start ===
[2026-06-04 18:00:19] Daily quota (5) reached. Maintenance mode.
[2026-06-04 18:00:19] === Cycle done (quota hit, 6ms) ===
[2026-06-04 18:02:00] [Heartbeat] RSS: 5MB | Heap: 13MB
[202[2026-06-04 18:07:00] [Heartbeat] RSS: 5MB | Heap: 1[202[2026-06-04 18:12:00] [Heartbeat] RSS: 5MB | Heap: 1[202[2026-06-04 18:17:00] [Heartbeat] RSS: 2MB | Heap: 1[202[2026-06-04 18:22:00] [Heartbeat] RSS: 4MB | Heap: 1[202[2026-06-04 18:27:00] [Heartbeat] RSS: 4MB | Heap: 1[202[2026-06-04 19:06:14] [Heartbeat] RSS: 4MB | Heap: 1[2026-06-04 19:06:14] === Orchestrator Cycle Start ===
[2026-06-04 19:06:14] Daily quota (5) reached. Maintenance mode.
[2026-06-04 19:06:14] === Cycle done (quota hit, 7ms) ===
[2026-06-05 07:29:14] [Heartbeat] RSS: 3MB | Heap: 13MB
[2026-06-05 07:29:14] [Dev Agent] Report unread for 12h. Auto-implementing top suggestion.
[2026-06-05 07:29:14] [Dev Agent] Starting...
[2026-06-05 07:29:14]   Task: None at this time
[2026-06-05 07:29:14] [Dev Agent] No files to modify.
[2026-06-05 07:29:14] [Dev Agent] Improvement applied. Awaiting Boss approval.
[2026-06-05 07:29:14] [Orchestrator] Running Marketing Agent...
[2026-06-05 07:29:14] [Marketing Agent] Starting daily analysis...
[2026-06-05 07:29:15] [Marketing Agent] Goals written for 2026-06-05
[2026-06-05 07:29:15]   Quality score: 7/10, Gaps: none
[2026-06-05 07:29:15] === Orchestrator Cycle Start ===
[2026-06-05 07:29:15] Daily quota (5) reached. Maintenance mode.
[2026-06-05 07:29:15] [Dev Agent] Report unread for 12h. Auto-implementing top suggestion.
[2026-06-05 07:29:15] [Dev Agent] Starting...
[2026-06-05 07:29:15]   Task: None at this time
[2026-06-05 07:29:15] [Dev Agent] No files to modify.
[2026-06-05 07:29:15] [Dev Agent] Improvement applied. Awaiting Boss approval.
[2026-06-05 07:29:15] === Cycle done (quota hit, 34ms) ===
[2026-06-05 07:34:14] [Heartbeat] RSS: 2MB | Heap: 13MB
[202[2026-06-05 07:39:14] [Heartbeat] RSS: 3MB | Heap: 1[202[2026-06-05 07:44:14] [Heartbeat] RSS: 1MB | Heap: 1[202[2026-06-05 07:49:14] [Heartbeat] RSS: 18MB | Heap: 1[2026-06-05 07:54:14] [Heartbeat] RSS: 19MB | Heap: 13MB
[2026-06-05 07:59:14] [Dev Agent] Report unread for 12h. Auto-implementing top suggestion.
[202[2026-06-05 07:59:14] [Dev Agent] Starting[202[2026-06-05 07:59:14]   Task: None at this t[202[2026-06-05 07:59:14] [Dev Agent] No files to modi[202[2026-06-05 07:59:14] [Dev Agent] Improvement applied. Awaiting Boss approv[202[2026-06-05 07:59:14] [Heartbeat] RSS: 7MB | Heap: 1[202[2026-06-05 08:04:14] [Heartbeat] RSS: 3MB | Heap: 1[2026-06-05 08:09:14] [Heartbeat] RSS: 4MB | Heap: 13MB
[202[2026-06-05 08:14:14] [Heartbeat] RSS: 6MB | Heap: 1[2026-06-05 08:19:14] [Heartbeat] RSS: 5MB | Heap: 13MB
[2026-06-05 08:24:14] [Heartbeat] RSS: 2MB | Heap: 13MB
[202[2026-06-05 08:29:14] [Dev Agent] Report unread for 12h. Auto-implementing top suggesti[202[2026-06-05 08:29:14] [Dev Agent] Starting[2026-06-05 08:29:14]   Task: None at this time
[202[2026-06-05 08:29:14] [Dev Agent] No files to modi[202[2026-06-05 08:29:14] [Dev Agent] Improvement applied. Awaiting Boss approv[2026-06-05 08:29:14] === Orchestrator Cycle Start ===
[2026-06-05 08:29:14] Daily quota (5) reached. Maintenance mode.
[2026-06-05 08:29:14] [Dev Agent] Report unread for 12h. Auto-implementing top suggestion.
[2026-06-05 08:29:14] [Dev Agent] Starting...
[2026-06-05 08:29:14]   Task: None at this time
[2026-06-05 08:29:14] [Dev Agent] No files to modify.
[2026-06-05 08:29:14] [Dev Agent] Improvement applied. Awaiting Boss approval.
[2026-06-05 08:29:14] === Cycle done (quota hit, 4ms) ===
[202[2026-06-05 08:29:14] [Heartbeat] RSS: 7MB | Heap: 1[2026-06-05 08:34:14] [Heartbeat] RSS: 1MB | Heap: 13MB
[2026-06-05 08:39:14] [Heartbeat] RSS: 2MB | Heap: 13MB
[202[2026-06-05 08:44:14] [Heartbeat] RSS: 3MB | Heap: 1[202[2026-06-05 08:49:14] [Heartbeat] RSS: 2MB | Heap: 1[2026-06-05 08:54:14] [Heartbeat] RSS: 1MB | Heap: 13MB
[2026-06-05 08:59:14] [Dev Agent] Report unread for 12h. Auto-implementing top suggestion.
[2026-06-05 08:59:14] [Dev Agent] Starting...
[2026-06-05 08:59:14]   Task: None at this time
[2026-06-05 08:59:14] [Dev Agent] No files to modify.
[2026-06-05 08:59:14] [Dev Agent] Improvement applied. Awaiting Boss approval.
[202[2026-06-05 08:59:14] [Heartbeat] RSS: 5MB | Heap: 1[202[2026-06-05 09:04:14] [Heartbeat] RSS: 5MB | Heap: 1[2026-06-05 09:09:14] [Heartbeat] RSS: 1MB | Heap: 13MB
[202[2026-06-05 09:14:14] [Heartbeat] RSS: 2MB | Heap: 1[202[2026-06-05 09:19:14] [Heartbeat] RSS: 3MB | Heap: 1[202[2026-06-05 09:24:14] [Heartbeat] RSS: 3MB | Heap: 1[2026-06-05 09:29:14] [Dev Agent] Report unread for 12h. Auto-implementing top suggestion.
[2026-06-05 09:29:14] [Dev Agent] Starting...
[2026-06-05 09:29:14]   Task: None at this time
[2026-06-05 09:29:14] [Dev Agent] No files to modify.
[2026-06-05 09:29:14] [Dev Agent] Improvement applied. Awaiting Boss approval.
[2026-06-05 09:29:14] === Orchestrator Cycle Start ===
[2026-06-05 09:29:14] Daily quota (5) reached. Maintenance mode.
[2026-06-05 09:29:14] [Dev Agent] Report unread for 12h. Auto-implementing top suggestion.
[2026-06-05 09:29:14] [Dev Agent] Starting...
[2026-06-05 09:29:14]   Task: None at this time
[2026-06-05 09:29:14] [Dev Agent] No files to modify.
[2026-06-05 09:29:14] [Dev Agent] Improvement applied. Awaiting Boss approval.
[2026-06-05 09:29:14] === Cycle done (quota hit, 11ms) ===
[202[2026-06-05 09:29:14] [Heartbeat] RSS: 6MB | Heap: 1[202[2026-06-05 09:34:14] [Heartbeat] RSS: 4MB | Heap: 1[202[2026-06-05 09:39:15] [Heartbeat] RSS: 3MB | Heap: 1[202[2026-06-05 09:44:15] [Heartbeat] RSS: 3MB | Heap: 1[202[2026-06-05 09:49:15] [Heartbeat] RSS: 3MB | Heap: 1[202[2026-06-05 09:54:15] [Heartbeat] RSS: 3MB | Heap: 1[202[2026-06-05 09:59:14] [Dev Agent] Report unread for 12h. Auto-implementing top suggestion.
[2026-06-05 09:59:14] [Dev Agent] Starting...
[2026-06-05 09:59:14]   Task: None at this time
[2026-06-05 09:59:14] [Dev Agent] No files to modify.
[2026-06-05 09:59:14] [Dev Agent] Improvement applied. Awaiting Boss approv[202[2026-06-05 09:59:15] [Heartbeat] RSS: 7MB | Heap: 1[202[2026-06-05 10:04:15] [Heartbeat] RSS: 7MB | Heap: 1[202[2026-06-05 10:09:15] [Heartbeat] RSS: 7MB | Heap: 1[202[2026-06-05 10:14:15] [Heartbeat] RSS: 7MB | Heap: 1[202[2026-06-05 10:19:15] [Heartbeat] RSS: 7MB | Heap: 1[202[2026-06-05 10:24:15] [Heartbeat] RSS: 7MB | Heap: 1[202[2026-06-05 10:29:14] [Dev Agent] Report unread for 12h. Auto-implementing top suggesti[2026-06-05 10:29:14] [Dev Agent] Starting...
[202[2026-06-05 10:29:14]   Task: None at this time
[2026-06-05 10:29:14] [Dev Agent] No files to modi[2026-06-05 10:29:14] [Dev Agent] Improvement applied. Awaiting Boss approval.
[2026-06-05 10:29:14] === Orchestrator Cycle Start ===
[2026-06-05 10:29:14] Daily quota (5) reached. Maintenance mode.
[2026-06-05 10:29:14] [Dev Agent] Report unread for 12h. Auto-implementing top suggestion.
[2026-06-05 10:29:14] [Dev Agent] Starting...
[2026-06-05 10:29:14]   Task: None at this time
[2026-06-05 10:29:14] [Dev Agent] No files to modify.
[2026-06-05 10:29:14] [Dev Agent] Improvement applied. Awaiting Boss approval.
[2026-06-05 10:29:14] === Cycle done (quota hit, 5ms) ===
[202[2026-06-05 10:29:15] [Heartbeat] RSS: 7MB | Heap: 1[2026-06-05 10:34:15] [Heartbeat] RSS: 2MB | Heap: 13MB
[202[2026-06-05 10:39:15] [Heartbeat] RSS: 4MB | Heap: 1[202[2026-06-05 10:44:15] [Heartbeat] RSS: 3MB | Heap: 1[202[2026-06-05 10:49:15] [Heartbeat] RSS: 3MB | Heap: 1[202[2026-06-05 10:54:15] [Heartbeat] RSS: 3MB | Heap: 1[202[2026-06-05 10:59:14] [Dev Agent] Report unread for 12h. Auto-implementing top suggesti[2026-06-05 10:59:14] [Dev Agent] Starting...
[2026-06-05 10:59:14]   Task: None at this time
[2026-06-05 10:59:14] [Dev Agent] No files to modify.
[202[2026-06-05 10:59:14] [Dev Agent] Improvement applied. Awaiting Boss approv[202[2026-06-05 10:59:15] [Heartbeat] RSS: 4MB | Heap: 1[202[2026-06-05 11:04:15] [Heartbeat] RSS: 4MB | Heap: 1[202[2026-06-05 11:09:15] [Heartbeat] RSS: 4MB | Heap: 1[202[2026-06-05 11:14:15] [Heartbeat] RSS: 4MB | Heap: 1[202[2026-06-05 11:19:15] [Heartbeat] RSS: 20MB | Heap: 1[202[2026-06-05 11:24:15] [Heartbeat] RSS: 20MB | Heap: 1[202[2026-06-05 11:29:14] [Dev Agent] Report unread for 12h. Auto-implementing top suggesti[2026-06-05 11:29:14] [Dev Agent] Starting...
[2026-06-05 11:29:14]   Task: None at this time
[2026-06-05 11:29:14] [Dev Agent] No files to modify.
[2026-06-05 11:29:14] [Dev Agent] Improvement applied. Awaiting Boss approval.
[2026-06-05 11:29:14] === Orchestrator Cycle Start ===
[2026-06-05 11:29:14] Daily quota (5) reached. Maintenance mode.
[2026-06-05 11:29:14] [Dev Agent] Report unread for 12h. Auto-implementing top suggestion.
[2026-06-05 11:29:14] [Dev Agent] Starting...
[2026-06-05 11:29:14]   Task: None at this time
[2026-06-05 11:29:14] [Dev Agent] No files to modify.
[2026-06-05 11:29:14] [Dev Agent] Improvement applied. Awaiting Boss approval.
[2026-06-05 11:29:14] === Cycle done (quota hit, 5ms) ===
[202[2026-06-05 11:29:15] [Heartbeat] RSS: 20MB | Heap: 1[202[2026-06-05 11:34:15] [Heartbeat] RSS: 6MB | Heap: 1[202[2026-06-05 11:39:15] [Heartbeat] RSS: 5MB | Heap: 1[202[2026-06-05 11:44:15] [Heartbeat] RSS: 3MB | Heap: 1[202[2026-06-05 11:49:15] [Heartbeat] RSS: 3MB | Heap: 1[202[2026-06-05 11:54:15] [Heartbeat] RSS: 2MB | Heap: 1[2026-06-05 11:59:14] [Dev Agent] Report unread for 12h. Auto-implementing top suggestion.
[2026-06-05 11:59:14] [Dev Agent] Starting...
[2026-06-05 11:59:14]   Task: None at this time
[2026-06-05 11:59:14] [Dev Agent] No files to modify.
[2026-06-05 11:59:14] [Dev Agent] Improvement applied. Awaiting Boss approval.
[202[2026-06-05 11:59:15] [Heartbeat] RSS: 4MB | Heap: 1[202[2026-06-05 12:04:15] [Heartbeat] RSS: 4MB | Heap: 1[202[2026-06-05 12:09:15] [Heartbeat] RSS: 4MB | Heap: 1[2026-06-05 12:14:15] [Heartbeat] RSS: 4MB | Heap: 13MB
[2026-06-05 12:19:15] [Heartbeat] RSS: 4MB | Heap: 13MB
[2026-06-05 12:24:15] [Heartbeat] RSS: 4MB | Heap: 13MB
[2026-06-05 12:29:14] === Orchestrator Cycle Start ===
[2026-06-05 12:29:14] Daily quota (5) reached. Maintenance mode.
[2026-06-05 12:29:14] === Cycle done (quota hit, 3ms) ===
[202[2026-06-05 12:29:15] [Heartbeat] RSS: 5MB | Heap: 1[2026-06-05 12:34:15] [Heartbeat] RSS: 3MB | Heap: 13MB
[202[2026-06-05 12:39:15] [Heartbeat] RSS: 2MB | Heap: 1[2026-06-05 12:44:15] [Heartbeat] RSS: 1MB | Heap: 13MB
[202[2026-06-05 12:49:15] [Heartbeat] RSS: 2MB | Heap: 1[2026-06-05 12:54:15] [Heartbeat] RSS: 1MB | Heap: 13MB
[202